app/build/intermediates/manifest_merge_blame_file/release/manifest-merger-blame-release-report.txt
1<?xml version="1.0" encoding="utf-8"?>
2<manifest xmlns:android="http://schemas.android.com/apk/res/android"
3    package="com.example.santanderdevweek"
4    android:versionCode="1"
5    android:versionName="1.0" >
6
7    <uses-sdk
8        android:minSdkVersion="16"
8-->src\main\AndroidManifest.xml
9        android:targetSdkVersion="30" />
9-->src\main\AndroidManifest.xml
10
11    <uses-permission android:name="android.permission.INTERNET" /> <!-- Although the *SdkVersion is captured in gradle build files, this is required for non gradle builds -->
11-->[com.google.firebase:firebase-perf:20.0.0] AndroidManifest.xml:11:5-67
11-->[com.google.firebase:firebase-perf:20.0.0] AndroidManifest.xml:11:22-64
12    <!-- <uses-sdk android:minSdkVersion="14"/> -->
13    <uses-permission android:name="android.permission.ACCESS_NETWORK_STATE" />
13-->[com.google.android.datatransport:transport-backend-cct:3.0.0] AndroidManifest.xml:25:5-79
13-->[com.google.android.datatransport:transport-backend-cct:3.0.0] AndroidManifest.xml:25:22-76
14    <uses-permission android:name="android.permission.WAKE_LOCK" />
14-->[com.google.android.gms:play-services-measurement-api:19.0.0] AndroidManifest.xml:24:5-68
14-->[com.google.android.gms:play-services-measurement-api:19.0.0] AndroidManifest.xml:24:22-65
15    <uses-permission android:name="com.google.android.finsky.permission.BIND_GET_INSTALL_REFERRER_SERVICE" />
15-->[com.google.android.gms:play-services-measurement:19.0.0] AndroidManifest.xml:26:5-110
15-->[com.google.android.gms:play-services-measurement:19.0.0] AndroidManifest.xml:26:22-107
16
17    <application
17-->src\main\AndroidManifest.xml:5:5-19:19
18        android:name="androidx.multidex.MultiDexApplication"
19        android:allowBackup="true"
19-->src\main\AndroidManifest.xml:6:9-35
20        android:appComponentFactory="androidx.core.app.CoreComponentFactory"
20-->[androidx.core:core:1.3.1] AndroidManifest.xml:24:18-86
21        android:icon="@mipmap/ic_launcher"
21-->src\main\AndroidManifest.xml:7:9-43
22        android:label=""
22-->src\main\AndroidManifest.xml:8:9-25
23        android:roundIcon="@mipmap/ic_launcher_round"
23-->src\main\AndroidManifest.xml:9:9-54
24        android:supportsRtl="true"
24-->src\main\AndroidManifest.xml:10:9-35
25        android:theme="@style/Theme.SantanderDevWeek" >
25-->src\main\AndroidManifest.xml:11:9-54
26        <activity android:name="com.example.santanderdevweek.ui.MainActivity" >
26-->src\main\AndroidManifest.xml:12:9-18:20
26-->src\main\AndroidManifest.xml:12:19-50
27            <intent-filter>
27-->src\main\AndroidManifest.xml:13:13-17:29
28                <action android:name="android.intent.action.MAIN" />
28-->src\main\AndroidManifest.xml:14:17-69
28-->src\main\AndroidManifest.xml:14:25-66
29
30                <category android:name="android.intent.category.LAUNCHER" />
30-->src\main\AndroidManifest.xml:16:17-77
30-->src\main\AndroidManifest.xml:16:27-74
31            </intent-filter>
32        </activity>
33
34        <service
34-->[com.google.firebase:firebase-perf-ktx:20.0.0] AndroidManifest.xml:12:9-18:19
35            android:name="com.google.firebase.components.ComponentDiscoveryService"
35-->[com.google.firebase:firebase-perf-ktx:20.0.0] AndroidManifest.xml:13:13-84
36            android:directBootAware="true"
36-->[com.google.firebase:firebase-common:20.0.0] AndroidManifest.xml:35:13-43
37            android:exported="false" >
37-->[com.google.firebase:firebase-perf-ktx:20.0.0] AndroidManifest.xml:14:13-37
38            <meta-data
38-->[com.google.firebase:firebase-perf-ktx:20.0.0] AndroidManifest.xml:15:13-17:85
39                android:name="com.google.firebase.components:com.google.firebase.perf.ktx.FirebasePerfKtxRegistrar"
39-->[com.google.firebase:firebase-perf-ktx:20.0.0] AndroidManifest.xml:16:17-116
40                android:value="com.google.firebase.components.ComponentRegistrar" />
40-->[com.google.firebase:firebase-perf-ktx:20.0.0] AndroidManifest.xml:17:17-82
41            <meta-data
41-->[com.google.firebase:firebase-crashlytics-ktx:18.0.0] AndroidManifest.xml:27:13-29:85
42                android:name="com.google.firebase.components:com.google.firebase.crashlytics.ktx.FirebaseCrashlyticsKtxRegistrar"
42-->[com.google.firebase:firebase-crashlytics-ktx:18.0.0] AndroidManifest.xml:28:17-130
43                android:value="com.google.firebase.components.ComponentRegistrar" />
43-->[com.google.firebase:firebase-crashlytics-ktx:18.0.0] AndroidManifest.xml:29:17-82
44            <meta-data
44-->[com.google.firebase:firebase-analytics-ktx:19.0.0] AndroidManifest.xml:11:13-13:85
45                android:name="com.google.firebase.components:com.google.firebase.analytics.ktx.FirebaseAnalyticsKtxRegistrar"
45-->[com.google.firebase:firebase-analytics-ktx:19.0.0] AndroidManifest.xml:12:17-126
46                android:value="com.google.firebase.components.ComponentRegistrar" />
46-->[com.google.firebase:firebase-analytics-ktx:19.0.0] AndroidManifest.xml:13:17-82
47            <meta-data
47-->[com.google.firebase:firebase-common-ktx:20.0.0] AndroidManifest.xml:15:13-17:85
48                android:name="com.google.firebase.components:com.google.firebase.ktx.FirebaseCommonKtxRegistrar"
48-->[com.google.firebase:firebase-common-ktx:20.0.0] AndroidManifest.xml:16:17-113
49                android:value="com.google.firebase.components.ComponentRegistrar" />
49-->[com.google.firebase:firebase-common-ktx:20.0.0] AndroidManifest.xml:17:17-82
50            <meta-data
50-->[com.google.firebase:firebase-perf:20.0.0] AndroidManifest.xml:23:13-25:85
51                android:name="com.google.firebase.components:com.google.firebase.perf.FirebasePerfRegistrar"
51-->[com.google.firebase:firebase-perf:20.0.0] AndroidManifest.xml:24:17-109
52                android:value="com.google.firebase.components.ComponentRegistrar" />
52-->[com.google.firebase:firebase-perf:20.0.0] AndroidManifest.xml:25:17-82
53            <meta-data
53-->[com.google.firebase:firebase-crashlytics:18.0.0] AndroidManifest.xml:18:13-20:85
54                android:name="com.google.firebase.components:com.google.firebase.crashlytics.CrashlyticsRegistrar"
54-->[com.google.firebase:firebase-crashlytics:18.0.0] AndroidManifest.xml:19:17-115
55                android:value="com.google.firebase.components.ComponentRegistrar" />
55-->[com.google.firebase:firebase-crashlytics:18.0.0] AndroidManifest.xml:20:17-82
56            <meta-data
56-->[com.google.firebase:firebase-datatransport:18.0.0] AndroidManifest.xml:28:13-30:85
57                android:name="com.google.firebase.components:com.google.firebase.datatransport.TransportRegistrar"
57-->[com.google.firebase:firebase-datatransport:18.0.0] AndroidManifest.xml:29:17-115
58                android:value="com.google.firebase.components.ComponentRegistrar" />
58-->[com.google.firebase:firebase-datatransport:18.0.0] AndroidManifest.xml:30:17-82
59            <meta-data
59-->[com.google.firebase:firebase-config:21.0.0] AndroidManifest.xml:32:13-34:85
60                android:name="com.google.firebase.components:com.google.firebase.remoteconfig.RemoteConfigRegistrar"
60-->[com.google.firebase:firebase-config:21.0.0] AndroidManifest.xml:33:17-117
61                android:value="com.google.firebase.components.ComponentRegistrar" />
61-->[com.google.firebase:firebase-config:21.0.0] AndroidManifest.xml:34:17-82
62            <meta-data
62-->[com.google.android.gms:play-services-measurement-api:19.0.0] AndroidManifest.xml:30:13-32:85
63                android:name="com.google.firebase.components:com.google.firebase.analytics.connector.internal.AnalyticsConnectorRegistrar"
63-->[com.google.android.gms:play-services-measurement-api:19.0.0] AndroidManifest.xml:31:17-139
64                android:value="com.google.firebase.components.ComponentRegistrar" />
64-->[com.google.android.gms:play-services-measurement-api:19.0.0] AndroidManifest.xml:32:17-82
65            <meta-data
65-->[com.google.firebase:firebase-installations:17.0.0] AndroidManifest.xml:18:13-20:85
66                android:name="com.google.firebase.components:com.google.firebase.installations.FirebaseInstallationsRegistrar"
66-->[com.google.firebase:firebase-installations:17.0.0] AndroidManifest.xml:19:17-127
67                android:value="com.google.firebase.components.ComponentRegistrar" />
67-->[com.google.firebase:firebase-installations:17.0.0] AndroidManifest.xml:20:17-82
68            <meta-data
68-->[com.google.firebase:firebase-abt:21.0.0] AndroidManifest.xml:13:13-15:85
69                android:name="com.google.firebase.components:com.google.firebase.abt.component.AbtRegistrar"
69-->[com.google.firebase:firebase-abt:21.0.0] AndroidManifest.xml:14:17-109
70                android:value="com.google.firebase.components.ComponentRegistrar" />
70-->[com.google.firebase:firebase-abt:21.0.0] AndroidManifest.xml:15:17-82
71        </service>
72
73        <provider
73-->[com.google.firebase:firebase-perf:20.0.0] AndroidManifest.xml:14:9-18:39
74            android:name="com.google.firebase.perf.provider.FirebasePerfProvider"
74-->[com.google.firebase:firebase-perf:20.0.0] AndroidManifest.xml:15:13-82
75            android:authorities="com.example.santanderdevweek.firebaseperfprovider"
75-->[com.google.firebase:firebase-perf:20.0.0] AndroidManifest.xml:16:13-72
76            android:exported="false"
76-->[com.google.firebase:firebase-perf:20.0.0] AndroidManifest.xml:17:13-37
77            android:initOrder="101" />
77-->[com.google.firebase:firebase-perf:20.0.0] AndroidManifest.xml:18:13-36
78
79        <service
79-->[com.google.android.datatransport:transport-backend-cct:3.0.0] AndroidManifest.xml:29:9-35:19
80            android:name="com.google.android.datatransport.runtime.backends.TransportBackendDiscovery"
80-->[com.google.android.datatransport:transport-backend-cct:3.0.0] AndroidManifest.xml:30:13-103
81            android:exported="false" >
81-->[com.google.android.datatransport:transport-backend-cct:3.0.0] AndroidManifest.xml:31:13-37
82            <meta-data
82-->[com.google.android.datatransport:transport-backend-cct:3.0.0] AndroidManifest.xml:32:13-34:39
83                android:name="backend:com.google.android.datatransport.cct.CctBackendFactory"
83-->[com.google.android.datatransport:transport-backend-cct:3.0.0] AndroidManifest.xml:33:17-94
84                android:value="cct" />
84-->[com.google.android.datatransport:transport-backend-cct:3.0.0] AndroidManifest.xml:34:17-36
85        </service>
86
87        <provider
87-->[com.google.firebase:firebase-common:20.0.0] AndroidManifest.xml:26:9-31:39
88            android:name="com.google.firebase.provider.FirebaseInitProvider"
88-->[com.google.firebase:firebase-common:20.0.0] AndroidManifest.xml:27:13-77
89            android:authorities="com.example.santanderdevweek.firebaseinitprovider"
89-->[com.google.firebase:firebase-common:20.0.0] AndroidManifest.xml:28:13-72
90            android:directBootAware="true"
90-->[com.google.firebase:firebase-common:20.0.0] AndroidManifest.xml:29:13-43
91            android:exported="false"
91-->[com.google.firebase:firebase-common:20.0.0] AndroidManifest.xml:30:13-37
92            android:initOrder="100" />
92-->[com.google.firebase:firebase-common:20.0.0] AndroidManifest.xml:31:13-36
93
94        <receiver
94-->[com.google.android.gms:play-services-measurement:19.0.0] AndroidManifest.xml:29:9-33:20
95            android:name="com.google.android.gms.measurement.AppMeasurementReceiver"
95-->[com.google.android.gms:play-services-measurement:19.0.0] AndroidManifest.xml:30:13-85
96            android:enabled="true"
96-->[com.google.android.gms:play-services-measurement:19.0.0] AndroidManifest.xml:31:13-35
97            android:exported="false" >
97-->[com.google.android.gms:play-services-measurement:19.0.0] AndroidManifest.xml:32:13-37
98        </receiver>
99
100        <service
100-->[com.google.android.gms:play-services-measurement:19.0.0] AndroidManifest.xml:35:9-38:40
101            android:name="com.google.android.gms.measurement.AppMeasurementService"
101-->[com.google.android.gms:play-services-measurement:19.0.0] AndroidManifest.xml:36:13-84
102            android:enabled="true"
102-->[com.google.android.gms:play-services-measurement:19.0.0] AndroidManifest.xml:37:13-35
103            android:exported="false" />
103-->[com.google.android.gms:play-services-measurement:19.0.0] AndroidManifest.xml:38:13-37
104        <service
104-->[com.google.android.gms:play-services-measurement:19.0.0] AndroidManifest.xml:39:9-43:72
105            android:name="com.google.android.gms.measurement.AppMeasurementJobService"
105-->[com.google.android.gms:play-services-measurement:19.0.0] AndroidManifest.xml:40:13-87
106            android:enabled="true"
106-->[com.google.android.gms:play-services-measurement:19.0.0] AndroidManifest.xml:41:13-35
107            android:exported="false"
107-->[com.google.android.gms:play-services-measurement:19.0.0] AndroidManifest.xml:42:13-37
108            android:permission="android.permission.BIND_JOB_SERVICE" />
108-->[com.google.android.gms:play-services-measurement:19.0.0] AndroidManifest.xml:43:13-69
109
110        <meta-data
110-->[com.google.android.gms:play-services-basement:17.3.0] AndroidManifest.xml:23:9-25:69
111            android:name="com.google.android.gms.version"
111-->[com.google.android.gms:play-services-basement:17.3.0] AndroidManifest.xml:24:13-58
112            android:value="@integer/google_play_services_version" />
112-->[com.google.android.gms:play-services-basement:17.3.0] AndroidManifest.xml:25:13-66
113
114        <service
114-->[com.google.android.datatransport:transport-runtime:3.0.0] AndroidManifest.xml:26:9-30:19
115            android:name="com.google.android.datatransport.runtime.scheduling.jobscheduling.JobInfoSchedulerService"
115-->[com.google.android.datatransport:transport-runtime:3.0.0] AndroidManifest.xml:27:13-117
116            android:exported="false"
116-->[com.google.android.datatransport:transport-runtime:3.0.0] AndroidManifest.xml:28:13-37
117            android:permission="android.permission.BIND_JOB_SERVICE" >
117-->[com.google.android.datatransport:transport-runtime:3.0.0] AndroidManifest.xml:29:13-69
118        </service>
119
120        <receiver
120-->[com.google.android.datatransport:transport-runtime:3.0.0] AndroidManifest.xml:32:9-34:40
121            android:name="com.google.android.datatransport.runtime.scheduling.jobscheduling.AlarmManagerSchedulerBroadcastReceiver"
121-->[com.google.android.datatransport:transport-runtime:3.0.0] AndroidManifest.xml:33:13-132
122            android:exported="false" />
122-->[com.google.android.datatransport:transport-runtime:3.0.0] AndroidManifest.xml:34:13-37
123    </application>
124
125</manifest>